<?xml version="1.0" encoding="UTF-8"?>
<testng-results skipped="0" failed="1" total="1" passed="0">
  <reporter-output>
  </reporter-output>
  <suite name="Default suite" duration-ms="17879" started-at="2016-03-26T04:38:22Z" finished-at="2016-03-26T04:38:40Z">
    <groups>
    </groups>
    <test name="Default test" duration-ms="17879" started-at="2016-03-26T04:38:22Z" finished-at="2016-03-26T04:38:40Z">
      <class name="org.edusoft.trainings.selenium.newtours.tests.NewTours">
        <test-method status="PASS" signature="setupSuite()[pri:0, instance:org.edusoft.trainings.selenium.newtours.tests.NewTours@203ea1]" name="setupSuite" is-config="true" duration-ms="52" started-at="2016-03-26T10:08:22Z" finished-at="2016-03-26T10:08:22Z">
          <reporter-output>
          </reporter-output>
        </test-method> <!-- setupSuite -->
        <test-method status="PASS" signature="setupTest()[pri:0, instance:org.edusoft.trainings.selenium.newtours.tests.NewTours@203ea1]" name="setupTest" is-config="true" duration-ms="12419" started-at="2016-03-26T10:08:22Z" finished-at="2016-03-26T10:08:35Z">
          <reporter-output>
          </reporter-output>
        </test-method> <!-- setupTest -->
        <test-method status="FAIL" signature="test01()[pri:0, instance:org.edusoft.trainings.selenium.newtours.tests.NewTours@203ea1]" name="test01" duration-ms="5400" started-at="2016-03-26T10:08:35Z" finished-at="2016-03-26T10:08:40Z">
          <exception class="java.lang.AssertionError">
            <message>
              <![CDATA[expected [Welcome: Mercury Tours] but found [Welcome: Merury Tours]]]>
            </message>
            <full-stacktrace>
              <![CDATA[java.lang.AssertionError: expected [Welcome: Mercury Tours] but found [Welcome: Merury Tours]
	at org.testng.Assert.fail(Assert.java:94)
	at org.testng.Assert.failNotEquals(Assert.java:513)
	at org.testng.Assert.assertEqualsImpl(Assert.java:135)
	at org.testng.Assert.assertEquals(Assert.java:116)
	at org.testng.Assert.assertEquals(Assert.java:190)
	at org.testng.Assert.assertEquals(Assert.java:200)
	at org.edusoft.trainings.selenium.newtours.tests.NewTours.test01(NewTours.java:57)
	at sun.reflect.NativeMethodAccessorImpl.invoke0(Native Method)
	at sun.reflect.NativeMethodAccessorImpl.invoke(Unknown Source)
	at sun.reflect.DelegatingMethodAccessorImpl.invoke(Unknown Source)
	at java.lang.reflect.Method.invoke(Unknown Source)
	at org.testng.internal.MethodInvocationHelper.invokeMethod(MethodInvocationHelper.java:86)
	at org.testng.internal.Invoker.invokeMethod(Invoker.java:645)
	at org.testng.internal.Invoker.invokeTestMethod(Invoker.java:822)
	at org.testng.internal.Invoker.invokeTestMethods(Invoker.java:1130)
	at org.testng.internal.TestMethodWorker.invokeTestMethods(TestMethodWorker.java:129)
	at org.testng.internal.TestMethodWorker.run(TestMethodWorker.java:112)
	at org.testng.TestRunner.privateRun(TestRunner.java:782)
	at org.testng.TestRunner.run(TestRunner.java:632)
	at org.testng.SuiteRunner.runTest(SuiteRunner.java:366)
	at org.testng.SuiteRunner.runSequentially(SuiteRunner.java:361)
	at org.testng.SuiteRunner.privateRun(SuiteRunner.java:319)
	at org.testng.SuiteRunner.run(SuiteRunner.java:268)
	at org.testng.SuiteRunnerWorker.runSuite(SuiteRunnerWorker.java:52)
	at org.testng.SuiteRunnerWorker.run(SuiteRunnerWorker.java:86)
	at org.testng.TestNG.runSuitesSequentially(TestNG.java:1244)
	at org.testng.TestNG.runSuitesLocally(TestNG.java:1169)
	at org.testng.TestNG.run(TestNG.java:1064)
	at org.testng.remote.RemoteTestNG.run(RemoteTestNG.java:113)
	at org.testng.remote.RemoteTestNG.initAndRun(RemoteTestNG.java:206)
	at org.testng.remote.RemoteTestNG.main(RemoteTestNG.java:177)
]]>
            </full-stacktrace>
          </exception> <!-- java.lang.AssertionError -->
          <reporter-output>
          </reporter-output>
        </test-method> <!-- test01 -->
        <test-method status="PASS" signature="tearDownTest()[pri:0, instance:org.edusoft.trainings.selenium.newtours.tests.NewTours@203ea1]" name="tearDownTest" is-config="true" duration-ms="0" started-at="2016-03-26T10:08:40Z" finished-at="2016-03-26T10:08:40Z">
          <reporter-output>
          </reporter-output>
        </test-method> <!-- tearDownTest -->
        <test-method status="PASS" signature="tearDownSuite()[pri:0, instance:org.edusoft.trainings.selenium.newtours.tests.NewTours@203ea1]" name="tearDownSuite" is-config="true" duration-ms="0" started-at="2016-03-26T10:08:40Z" finished-at="2016-03-26T10:08:40Z">
          <reporter-output>
          </reporter-output>
        </test-method> <!-- tearDownSuite -->
      </class> <!-- org.edusoft.trainings.selenium.newtours.tests.NewTours -->
    </test> <!-- Default test -->
  </suite> <!-- Default suite -->
</testng-results>
